Line 13: Class isAnalogLibrary.iSliderX of control iSliderX9 was not a loaded control class.
Line 98: Class MBProgressBar.ProgressBar of control ProgressBar2 was not a loaded control class.
Line 19: The property name EndsMargin in iSliderX9 is invalid.
Line 20: The property name PointerIndicatorInactiveColor in iSliderX9 is invalid.
Line 21: The property name PointerIndicatorActiveColor in iSliderX9 is invalid.
Line 22: The property name KeyArrowStepSize in iSliderX9 is invalid.
Line 23: The property name KeyPageStepSize in iSliderX9 is invalid.
Line 24: The property name Orientation in iSliderX9 is invalid.
Line 25: The property name OrientationTickMarks in iSliderX9 is invalid.
Line 26: The property name PointerHeight in iSliderX9 is invalid.
Line 27: The property name PointerStyle in iSliderX9 is invalid.
Line 28: The property name PointerWidth in iSliderX9 is invalid.
Line 29: The property name ShowFocusRect in iSliderX9 is invalid.
Line 30: The property name TrackColor in iSliderX9 is invalid.
Line 31: The property name TrackStyle in iSliderX9 is invalid.
Line 32: The property name TickMajorStyle in iSliderX9 is invalid.
Line 33: The property name TickMinorStyle in iSliderX9 is invalid.
Line 34: The property name BackGroundColor in iSliderX9 is invalid.
Line 35: The property name ShowTicksMajor in iSliderX9 is invalid.
Line 36: The property name ShowTicksMinor in iSliderX9 is invalid.
Line 37: The property name ShowTickLabels in iSliderX9 is invalid.
Line 38: The property name TickMajorCount in iSliderX9 is invalid.
Line 39: The property name TickMajorColor in iSliderX9 is invalid.
Line 40: The property name TickMajorLength in iSliderX9 is invalid.
Line 41: The property name TickMinorAlignment in iSliderX9 is invalid.
Line 42: The property name TickMinorCount in iSliderX9 is invalid.
Line 43: The property name TickMinorColor in iSliderX9 is invalid.
Line 44: The property name TickMinorLength in iSliderX9 is invalid.
Line 45: The property name TickMargin in iSliderX9 is invalid.
Line 46: The property name TickLabelMargin in iSliderX9 is invalid.
Line 55: The property name TickLabelFont in iSliderX9 is invalid.
Line 56: The property name TickLabelPrecision in iSliderX9 is invalid.
Line 57: The property name CurrentMax in iSliderX9 is invalid.
Line 58: The property name CurrentMin in iSliderX9 is invalid.
Line 59: The property name PositionPercent in iSliderX9 is invalid.
Line 60: The property name Position in iSliderX9 is invalid.
Line 61: The property name PositionMax in iSliderX9 is invalid.
Line 62: The property name PositionMin in iSliderX9 is invalid.
Line 64: The property name Object.Visible in iSliderX9 is invalid.
Line 66: The property name TickLabelFontColor in iSliderX9 is invalid.
Line 67: The property name BackGroundPicture in iSliderX9 is invalid.
Line 68: The property name MinMaxFixed in iSliderX9 is invalid.
Line 69: The property name ReverseScale in iSliderX9 is invalid.
Line 70: The property name Transparent in iSliderX9 is invalid.
Line 71: The property name PrecisionStyle in iSliderX9 is invalid.
Line 72: The property name AutoScaleDesiredTicks in iSliderX9 is invalid.
Line 73: The property name AutoScaleMaxTicks in iSliderX9 is invalid.
Line 74: The property name AutoScaleEnabled in iSliderX9 is invalid.
Line 75: The property name AutoScaleStyle in iSliderX9 is invalid.
Line 76: The property name MouseControlStyle in iSliderX9 is invalid.
Line 77: The property name UpdateFrameRate in iSliderX9 is invalid.
Line 78: The property name OptionSaveAllProperties in iSliderX9 is invalid.
Line 79: The property name MouseWheelStepSize in iSliderX9 is invalid.
Line 80: The property name AutoFrameRate in iSliderX9 is invalid.
Line 81: The property name Object.Width in iSliderX9 is invalid.
Line 82: The property name Object.Height in iSliderX9 is invalid.
Line 83: The property name AutoCenter in iSliderX9 is invalid.
Line 84: The property name OffsetX in iSliderX9 is invalid.
Line 85: The property name OffsetY in iSliderX9 is invalid.
Line 86: The property name PointerBitmap in iSliderX9 is invalid.
Line 87: The property name ShowDisabledState in iSliderX9 is invalid.
Line 88: The property name PointerFillEnabled in iSliderX9 is invalid.
Line 89: The property name PointerFillColor in iSliderX9 is invalid.
Line 90: The property name TickLabelFontName in iSliderX9 is invalid.
Line 91: The property name TickLabelFontSize in iSliderX9 is invalid.
Line 92: The property name TickLabelFontBold in iSliderX9 is invalid.
Line 93: The property name TickLabelFontItalic in iSliderX9 is invalid.
Line 94: The property name TickLabelFontUnderline in iSliderX9 is invalid.
Line 95: The property name TickLabelFontStrikeOut in iSliderX9 is invalid.
Line 96: The property name OPCItemCount in iSliderX9 is invalid.
Line 104: The property name _ExtentX in ProgressBar2 is invalid.
Line 105: The property name _ExtentY in ProgressBar2 is invalid.
Line 107: The property name CaptionType in ProgressBar2 is invalid.
Line 118: The property name BackPicture in ProgressBar2 is invalid.
Line 119: The property name BarPicture in ProgressBar2 is invalid.
Line 98: Property BorderStyle in ProgressBar2 could not be set.
